<?xml version="1.0" encoding="utf-8"?><testsuites name="pytest tests"><testsuite name="pytest" errors="0" failures="0" skipped="0" tests="20" time="5.279" timestamp="2026-05-07T15:52:17.840784+00:00" hostname="agent-env-0b5306b6-3492-4440-8a7f-34b0c45d3371"><testcase classname="backend.tests.test_agrimart_api" name="test_health" time="0.340" /><testcase classname="backend.tests.test_agrimart_api" name="test_categories" time="0.086" /><testcase classname="backend.tests.test_agrimart_api" name="test_products_list" time="0.085" /><testcase classname="backend.tests.test_agrimart_api" name="test_products_filter_category" time="0.120" /><testcase classname="backend.tests.test_agrimart_api" name="test_products_search" time="0.093" /><testcase classname="backend.tests.test_agrimart_api" name="test_products_featured" time="0.085" /><testcase classname="backend.tests.test_agrimart_api" name="test_products_limit" time="0.081" /><testcase classname="backend.tests.test_agrimart_api" name="test_product_detail_and_404" time="0.284" /><testcase classname="backend.tests.test_agrimart_api" name="test_register_duplicate" time="0.427" /><testcase classname="backend.tests.test_agrimart_api" name="test_login_admin_wrong_pwd" time="0.338" /><testcase classname="backend.tests.test_agrimart_api" name="test_admin_login_and_role" time="0.407" /><testcase classname="backend.tests.test_agrimart_api" name="test_me_no_token" time="0.075" /><testcase classname="backend.tests.test_agrimart_api" name="test_cart_flow" time="0.775" /><testcase classname="backend.tests.test_agrimart_api" name="test_order_created_clears_cart" time="0.435" /><testcase classname="backend.tests.test_agrimart_api" name="test_list_my_orders" time="0.088" /><testcase classname="backend.tests.test_agrimart_api" name="test_get_single_order" time="0.081" /><testcase classname="backend.tests.test_agrimart_api" name="test_order_403_other_user" time="0.404" /><testcase classname="backend.tests.test_agrimart_api" name="test_admin_product_crud" time="0.499" /><testcase classname="backend.tests.test_agrimart_api" name="test_admin_orders_and_stats" time="0.245" /><testcase classname="backend.tests.test_agrimart_api" name="test_admin_stats_forbidden_for_customer" time="0.095" /></testsuite></testsuites>